<?xml version="1.0" encoding="UTF-8"?>
<testng-results skipped="0" failed="0" ignored="0" total="1" passed="1">
  <reporter-output>
  </reporter-output>
  <suite name="GeicoSuite" duration-ms="13533" started-at="2019-04-17T08:50:18Z" finished-at="2019-04-17T08:50:32Z">
    <groups>
    </groups>
    <test name="GeicoTest" duration-ms="13533" started-at="2019-04-17T08:50:18Z" finished-at="2019-04-17T08:50:32Z">
      <class name="com.Geico.TC_Login">
        <test-method status="PASS" signature="setUp(java.lang.String)[pri:0, instance:com.Geico.TC_Login@42e26948]" name="setUp" is-config="true" duration-ms="8763" started-at="2019-04-17T08:50:18Z" finished-at="2019-04-17T08:50:27Z">
          <params>
            <param index="0">
              <value>
                <![CDATA[firefox]]>
              </value>
            </param>
          </params>
          <reporter-output>
          </reporter-output>
        </test-method> <!-- setUp -->
        <test-method status="PASS" signature="LoginTest()[pri:0, instance:com.Geico.TC_Login@42e26948]" name="LoginTest" duration-ms="3420" started-at="2019-04-17T08:50:27Z" finished-at="2019-04-17T08:50:30Z">
          <reporter-output>
          </reporter-output>
        </test-method> <!-- LoginTest -->
        <test-method status="PASS" signature="teardown()[pri:0, instance:com.Geico.TC_Login@42e26948]" name="teardown" is-config="true" duration-ms="1165" started-at="2019-04-17T08:50:30Z" finished-at="2019-04-17T08:50:32Z">
          <reporter-output>
          </reporter-output>
        </test-method> <!-- teardown -->
      </class> <!-- com.Geico.TC_Login -->
    </test> <!-- GeicoTest -->
  </suite> <!-- GeicoSuite -->
</testng-results>
